0 info it worked if it ends with ok
1 verbose cli [ 'C:\\Program Files\\nodejs\\node.exe',
1 verbose cli   'C:\\Program Files\\nodejs\\node_modules\\npm\\bin\\npm-cli.js',
1 verbose cli   'install',
1 verbose cli   'angular-cookies',
1 verbose cli   '--save' ]
2 info using npm@2.15.8
3 info using node@v4.4.7
4 verbose install initial load of C:\Users\usuario\Documents\GDG\IONIC\toDoListApp\package.json
5 warn package.json todolistappionic@1.1.1 No repository field.
6 warn package.json todolistappionic@1.1.1 No license field.
7 verbose installManyTop reading scoped package data from C:\Users\usuario\Documents\GDG\IONIC\toDoListApp\node_modules\angular-local-storage\package.json
8 verbose installManyTop reading scoped package data from C:\Users\usuario\Documents\GDG\IONIC\toDoListApp\node_modules\bower\package.json
9 verbose installManyTop reading scoped package data from C:\Users\usuario\Documents\GDG\IONIC\toDoListApp\node_modules\gulp\package.json
10 verbose installManyTop reading scoped package data from C:\Users\usuario\Documents\GDG\IONIC\toDoListApp\node_modules\gulp-concat\package.json
11 verbose installManyTop reading scoped package data from C:\Users\usuario\Documents\GDG\IONIC\toDoListApp\node_modules\gulp-minify-css\package.json
12 verbose installManyTop reading scoped package data from C:\Users\usuario\Documents\GDG\IONIC\toDoListApp\node_modules\gulp-rename\package.json
13 verbose installManyTop reading scoped package data from C:\Users\usuario\Documents\GDG\IONIC\toDoListApp\node_modules\gulp-sass\package.json
14 verbose installManyTop reading scoped package data from C:\Users\usuario\Documents\GDG\IONIC\toDoListApp\node_modules\gulp-util\package.json
15 verbose installManyTop reading scoped package data from C:\Users\usuario\Documents\GDG\IONIC\toDoListApp\node_modules\shelljs\package.json
16 verbose installManyTop reading scoped package data from C:\Users\usuario\Documents\GDG\IONIC\toDoListApp\node_modules\@ionic\cloud\package.json
17 verbose installManyTop reading scoped package data from C:\Users\usuario\Documents\GDG\IONIC\toDoListApp\node_modules\@ionic\cloud-angular\package.json
18 info package.json gulp-minify-css@0.3.13 No license field.
19 info package.json shelljs@0.3.0 license should be a valid SPDX license expression
20 info package.json gulp-rename@1.2.2 No license field.
21 info package.json gulp-util@2.2.20 No license field.
22 verbose readDependencies loading dependencies from C:\Users\usuario\Documents\GDG\IONIC\toDoListApp\package.json
23 silly cache add args [ 'angular-cookies', null ]
24 verbose cache add spec angular-cookies
25 silly cache add parsed spec Result {
25 silly cache add   raw: 'angular-cookies',
25 silly cache add   scope: null,
25 silly cache add   name: 'angular-cookies',
25 silly cache add   rawSpec: '',
25 silly cache add   spec: 'latest',
25 silly cache add   type: 'tag' }
26 silly addNamed angular-cookies@latest
27 verbose addNamed "latest" is being treated as a dist-tag for angular-cookies
28 info addNameTag [ 'angular-cookies', 'latest' ]
29 silly mapToRegistry name angular-cookies
30 silly mapToRegistry using default registry
31 silly mapToRegistry registry https://registry.npmjs.org/
32 silly mapToRegistry data Result {
32 silly mapToRegistry   raw: 'angular-cookies',
32 silly mapToRegistry   scope: null,
32 silly mapToRegistry   name: 'angular-cookies',
32 silly mapToRegistry   rawSpec: '',
32 silly mapToRegistry   spec: 'latest',
32 silly mapToRegistry   type: 'tag' }
33 silly mapToRegistry uri https://registry.npmjs.org/angular-cookies
34 verbose addNameTag registry:https://registry.npmjs.org/angular-cookies not in flight; fetching
35 verbose request uri https://registry.npmjs.org/angular-cookies
36 verbose request no auth needed
37 info attempt registry request try #1 at 23:17:40
38 verbose request id fc9da80dca687452
39 http request GET https://registry.npmjs.org/angular-cookies
40 http 200 https://registry.npmjs.org/angular-cookies
41 verbose headers { server: 'nginx/1.10.1',
41 verbose headers   'content-type': 'application/json',
41 verbose headers   'last-modified': 'Thu, 08 Dec 2016 12:16:47 GMT',
41 verbose headers   etag: 'W/"58494f2f-1a6a1"',
41 verbose headers   'content-encoding': 'gzip',
41 verbose headers   'cache-control': 'max-age=300',
41 verbose headers   'content-length': '11351',
41 verbose headers   'accept-ranges': 'bytes',
41 verbose headers   date: 'Fri, 16 Dec 2016 04:17:43 GMT',
41 verbose headers   via: '1.1 varnish',
41 verbose headers   age: '247',
41 verbose headers   connection: 'keep-alive',
41 verbose headers   'x-served-by': 'cache-lax8648-LAX',
41 verbose headers   'x-cache': 'HIT',
41 verbose headers   'x-cache-hits': '1',
41 verbose headers   'x-timer': 'S1481861863.910974,VS0,VE0',
41 verbose headers   vary: 'Accept-Encoding' }
42 silly get cb [ 200,
42 silly get   { server: 'nginx/1.10.1',
42 silly get     'content-type': 'application/json',
42 silly get     'last-modified': 'Thu, 08 Dec 2016 12:16:47 GMT',
42 silly get     etag: 'W/"58494f2f-1a6a1"',
42 silly get     'content-encoding': 'gzip',
42 silly get     'cache-control': 'max-age=300',
42 silly get     'content-length': '11351',
42 silly get     'accept-ranges': 'bytes',
42 silly get     date: 'Fri, 16 Dec 2016 04:17:43 GMT',
42 silly get     via: '1.1 varnish',
42 silly get     age: '247',
42 silly get     connection: 'keep-alive',
42 silly get     'x-served-by': 'cache-lax8648-LAX',
42 silly get     'x-cache': 'HIT',
42 silly get     'x-cache-hits': '1',
42 silly get     'x-timer': 'S1481861863.910974,VS0,VE0',
42 silly get     vary: 'Accept-Encoding' } ]
43 verbose get saving angular-cookies to C:\Users\usuario\AppData\Roaming\npm-cache\registry.npmjs.org\angular-cookies\.cache.json
44 verbose correctMkdir C:\Users\usuario\AppData\Roaming\npm-cache correctMkdir not in flight; initializing
45 silly addNameTag next cb for angular-cookies with tag latest
46 silly addNamed angular-cookies@1.6.0
47 verbose addNamed "1.6.0" is a plain semver version for angular-cookies
48 silly mapToRegistry name angular-cookies
49 silly mapToRegistry using default registry
50 silly mapToRegistry registry https://registry.npmjs.org/
51 silly mapToRegistry data Result {
51 silly mapToRegistry   raw: 'angular-cookies',
51 silly mapToRegistry   scope: null,
51 silly mapToRegistry   name: 'angular-cookies',
51 silly mapToRegistry   rawSpec: '',
51 silly mapToRegistry   spec: 'latest',
51 silly mapToRegistry   type: 'tag' }
52 silly mapToRegistry uri https://registry.npmjs.org/angular-cookies
53 verbose addRemoteTarball https://registry.npmjs.org/angular-cookies/-/angular-cookies-1.6.0.tgz not in flight; adding
54 verbose addRemoteTarball [ 'https://registry.npmjs.org/angular-cookies/-/angular-cookies-1.6.0.tgz',
54 verbose addRemoteTarball   'b43ee350a0bd2a22963b3728321b0799b0b11e5d' ]
55 info retry fetch attempt 1 at 23:17:44
56 info attempt registry request try #1 at 23:17:44
57 http fetch GET https://registry.npmjs.org/angular-cookies/-/angular-cookies-1.6.0.tgz
58 http fetch 200 https://registry.npmjs.org/angular-cookies/-/angular-cookies-1.6.0.tgz
59 silly fetchAndShaCheck shasum b43ee350a0bd2a22963b3728321b0799b0b11e5d
60 verbose addTmpTarball C:\Users\usuario\AppData\Local\Temp\npm-2300-17b355c4\registry.npmjs.org\angular-cookies\-\angular-cookies-1.6.0.tgz not in flight; adding
61 verbose addTmpTarball already have metadata; skipping unpack for angular-cookies@1.6.0
62 verbose correctMkdir C:\Users\usuario\AppData\Roaming\npm-cache correctMkdir not in flight; initializing
63 silly cache afterAdd angular-cookies@1.6.0
64 verbose afterAdd C:\Users\usuario\AppData\Roaming\npm-cache\angular-cookies\1.6.0\package\package.json not in flight; writing
65 verbose correctMkdir C:\Users\usuario\AppData\Roaming\npm-cache correctMkdir not in flight; initializing
66 verbose afterAdd C:\Users\usuario\AppData\Roaming\npm-cache\angular-cookies\1.6.0\package\package.json written
67 silly install resolved [ { name: 'angular-cookies',
67 silly install resolved     version: '1.6.0',
67 silly install resolved     description: 'AngularJS module for cookies',
67 silly install resolved     main: 'index.js',
67 silly install resolved     scripts: { test: 'echo "Error: no test specified" && exit 1' },
67 silly install resolved     repository:
67 silly install resolved      { type: 'git',
67 silly install resolved        url: 'git+https://github.com/angular/angular.js.git' },
67 silly install resolved     keywords: [ 'angular', 'framework', 'browser', 'cookies', 'client-side' ],
67 silly install resolved     author:
67 silly install resolved      { name: 'Angular Core Team',
67 silly install resolved        email: 'angular-core+npm@google.com' },
67 silly install resolved     license: 'MIT',
67 silly install resolved     bugs: { url: 'https://github.com/angular/angular.js/issues' },
67 silly install resolved     homepage: 'http://angularjs.org',
67 silly install resolved     jspm: { shim: [Object] },
67 silly install resolved     gitHead: '39a86a592c4ab8348192a232f2381ed7f5f2de55',
67 silly install resolved     _id: 'angular-cookies@1.6.0',
67 silly install resolved     _shasum: 'b43ee350a0bd2a22963b3728321b0799b0b11e5d',
67 silly install resolved     _from: 'angular-cookies@latest',
67 silly install resolved     _npmVersion: '3.10.9',
67 silly install resolved     _nodeVersion: '6.9.2',
67 silly install resolved     _npmUser: { name: 'angularcore', email: 'angular-core+npm@google.com' },
67 silly install resolved     dist:
67 silly install resolved      { shasum: 'b43ee350a0bd2a22963b3728321b0799b0b11e5d',
67 silly install resolved        tarball: 'https://registry.npmjs.org/angular-cookies/-/angular-cookies-1.6.0.tgz' },
67 silly install resolved     maintainers: [ [Object], [Object] ],
67 silly install resolved     _npmOperationalInternal:
67 silly install resolved      { host: 'packages-18-east.internal.npmjs.com',
67 silly install resolved        tmp: 'tmp/angular-cookies-1.6.0.tgz_1481199406143_0.5971198326442391' },
67 silly install resolved     directories: {},
67 silly install resolved     _resolved: 'https://registry.npmjs.org/angular-cookies/-/angular-cookies-1.6.0.tgz' } ]
68 info install angular-cookies@1.6.0 into C:\Users\usuario\Documents\GDG\IONIC\toDoListApp
69 info installOne angular-cookies@1.6.0
70 verbose installOne of angular-cookies to C:\Users\usuario\Documents\GDG\IONIC\toDoListApp not in flight; installing
71 verbose correctMkdir C:\Users\usuario\AppData\Roaming\npm-cache\_locks correctMkdir not in flight; initializing
72 verbose lock using C:\Users\usuario\AppData\Roaming\npm-cache\_locks\angular-cookies-001214d007541997.lock for C:\Users\usuario\Documents\GDG\IONIC\toDoListApp\node_modules\angular-cookies
73 silly install write writing angular-cookies 1.6.0 to C:\Users\usuario\Documents\GDG\IONIC\toDoListApp\node_modules\angular-cookies
74 verbose unbuild node_modules\angular-cookies
75 silly gentlyRm C:\Users\usuario\Documents\GDG\IONIC\toDoListApp\node_modules\angular-cookies is being purged from base C:\Users\usuario\Documents\GDG\IONIC\toDoListApp
76 verbose gentlyRm don't care about contents; nuking C:\Users\usuario\Documents\GDG\IONIC\toDoListApp\node_modules\angular-cookies
77 verbose tar unpack C:\Users\usuario\AppData\Roaming\npm-cache\angular-cookies\1.6.0\package.tgz
78 verbose tar unpacking to C:\Users\usuario\Documents\GDG\IONIC\toDoListApp\node_modules\angular-cookies
79 silly gentlyRm C:\Users\usuario\Documents\GDG\IONIC\toDoListApp\node_modules\angular-cookies is being purged
80 verbose gentlyRm don't care about contents; nuking C:\Users\usuario\Documents\GDG\IONIC\toDoListApp\node_modules\angular-cookies
81 silly gunzTarPerm modes [ '777', '666' ]
82 silly gunzTarPerm extractEntry package.json
83 silly gunzTarPerm modified mode [ 'package.json', 420, 438 ]
84 silly gunzTarPerm extractEntry README.md
85 silly gunzTarPerm modified mode [ 'README.md', 420, 438 ]
86 silly gunzTarPerm extractEntry angular-cookies.js
87 silly gunzTarPerm modified mode [ 'angular-cookies.js', 420, 438 ]
88 silly gunzTarPerm extractEntry angular-cookies.min.js
89 silly gunzTarPerm modified mode [ 'angular-cookies.min.js', 420, 438 ]
90 silly gunzTarPerm extractEntry index.js
91 silly gunzTarPerm modified mode [ 'index.js', 420, 438 ]
92 silly gunzTarPerm extractEntry LICENSE.md
93 silly gunzTarPerm modified mode [ 'LICENSE.md', 420, 438 ]
94 silly gunzTarPerm extractEntry angular-cookies.min.js.map
95 silly gunzTarPerm modified mode [ 'angular-cookies.min.js.map', 420, 438 ]
96 silly gunzTarPerm extractEntry bower.json
97 silly gunzTarPerm modified mode [ 'bower.json', 420, 438 ]
98 verbose write writing to C:\Users\usuario\Documents\GDG\IONIC\toDoListApp\node_modules\angular-cookies\package.json
99 info preinstall angular-cookies@1.6.0
100 verbose readDependencies loading dependencies from C:\Users\usuario\Documents\GDG\IONIC\toDoListApp\node_modules\angular-cookies\package.json
101 verbose readDependencies loading dependencies from C:\Users\usuario\Documents\GDG\IONIC\toDoListApp\node_modules\angular-cookies\package.json
102 silly install resolved []
103 verbose about to build C:\Users\usuario\Documents\GDG\IONIC\toDoListApp\node_modules\angular-cookies
104 info build C:\Users\usuario\Documents\GDG\IONIC\toDoListApp\node_modules\angular-cookies
105 info linkStuff angular-cookies@1.6.0
106 silly linkStuff angular-cookies@1.6.0 has C:\Users\usuario\Documents\GDG\IONIC\toDoListApp\node_modules as its parent node_modules
107 verbose linkBins angular-cookies@1.6.0
108 verbose linkMans angular-cookies@1.6.0
109 verbose rebuildBundles angular-cookies@1.6.0
110 info install angular-cookies@1.6.0
111 info postinstall angular-cookies@1.6.0
112 verbose unlock done using C:\Users\usuario\AppData\Roaming\npm-cache\_locks\angular-cookies-001214d007541997.lock for C:\Users\usuario\Documents\GDG\IONIC\toDoListApp\node_modules\angular-cookies
113 verbose validateInstall loading C:\Users\usuario\Documents\GDG\IONIC\toDoListApp\package.json for validation
114 verbose stack Error: The package rxjs@5.0.1 does not satisfy its siblings' peerDependencies requirements!
114 verbose stack     at C:\Program Files\nodejs\node_modules\npm\lib\install.js:125:32
114 verbose stack     at C:\Program Files\nodejs\node_modules\npm\lib\install.js:268:7
114 verbose stack     at C:\Program Files\nodejs\node_modules\npm\node_modules\read-installed\read-installed.js:142:5
114 verbose stack     at C:\Program Files\nodejs\node_modules\npm\node_modules\read-installed\read-installed.js:263:14
114 verbose stack     at cb (C:\Program Files\nodejs\node_modules\npm\node_modules\slide\lib\async-map.js:47:24)
114 verbose stack     at C:\Program Files\nodejs\node_modules\npm\node_modules\read-installed\read-installed.js:263:14
114 verbose stack     at cb (C:\Program Files\nodejs\node_modules\npm\node_modules\slide\lib\async-map.js:47:24)
114 verbose stack     at C:\Program Files\nodejs\node_modules\npm\node_modules\read-installed\read-installed.js:263:14
114 verbose stack     at cb (C:\Program Files\nodejs\node_modules\npm\node_modules\slide\lib\async-map.js:47:24)
114 verbose stack     at C:\Program Files\nodejs\node_modules\npm\node_modules\read-installed\read-installed.js:263:14
115 verbose cwd C:\Users\usuario\Documents\GDG\IONIC\toDoListApp
116 error Windows_NT 6.3.9600
117 error argv "C:\\Program Files\\nodejs\\node.exe" "C:\\Program Files\\nodejs\\node_modules\\npm\\bin\\npm-cli.js" "install" "angular-cookies" "--save"
118 error node v4.4.7
119 error npm  v2.15.8
120 error code EPEERINVALID
121 error peerinvalid The package rxjs@5.0.1 does not satisfy its siblings' peerDependencies requirements!
122 verbose exit [ 1, true ]
